<?xml version="1.0" encoding="UTF-8"?>
<!-- Generated by org.testng.reporters.JUnitReportReporter -->
<testsuite skipped="0" hostname="WL356650" name="ang_ele_find.Automation_Thermo" tests="1" failures="0" timestamp="20 okt 2019 14:01:33 GMT" time="11.225" errors="0">
  <testcase name="TakeScreenshot" time="11.225" classname="ang_ele_find.Automation_Thermo"/>
</testsuite> <!-- ang_ele_find.Automation_Thermo -->
