<?xml version="1.0" encoding="UTF-8"?>
<!-- Generated by org.testng.reporters.JUnitReportReporter -->
<testsuite skipped="0" hostname="WL356650" name="ang_ele_find.CAPSAT_Que2" tests="1" failures="0" timestamp="20 feb 2020 05:22:23 GMT" time="6.675" errors="0">
  <testcase name="gotoWikiAndConfirmItems" time="6.675" classname="ang_ele_find.CAPSAT_Que2"/>
</testsuite> <!-- ang_ele_find.CAPSAT_Que2 -->
