<?xml version="1.0" encoding="UTF-8"?>
<!-- Generated by org.testng.reporters.JUnitReportReporter -->
<testsuite skipped="0" hostname="WL356650" name="ang_ele_find.FreezePrice" tests="1" failures="1" timestamp="25 feb 2020 10:07:29 GMT" time="104.894" errors="0">
  <testcase name="freezeList" time="104.894" classname="ang_ele_find.FreezePrice">
    <failure type="java.lang.AssertionError" message="Lists differ at element [0]: Whirlpool 330 L Frost-Free Multi-Door Refrigerator (FP 343D PROTTON ROY (N), Steel Onyx) != Whirlpool 330 L Frost-Free Multi-Door Refrigerator expected [Whirlpool 330 L Frost-Free Multi-Door Refrigerator (FP 343D PROTTON ROY (N), Steel Onyx)] but found [Whirlpool 330 L Frost-Free Multi-Door Refrigerator]">
      <![CDATA[java.lang.AssertionError: Lists differ at element [0]: Whirlpool 330 L Frost-Free Multi-Door Refrigerator (FP 343D PROTTON ROY (N), Steel Onyx) != Whirlpool 330 L Frost-Free Multi-Door Refrigerator expected [Whirlpool 330 L Frost-Free Multi-Door Refrigerator (FP 343D PROTTON ROY (N), Steel Onyx)] but found [Whirlpool 330 L Frost-Free Multi-Door Refrigerator]
at org.testng.Assert.fail(Assert.java:96)
at org.testng.Assert.failNotEquals(Assert.java:776)
at org.testng.Assert.assertEqualsImpl(Assert.java:137)
at org.testng.Assert.assertEquals(Assert.java:831)
at org.testng.Assert.assertEquals(Assert.java:796)
at ang_ele_find.FreezePrice.freezeList(FreezePrice.java:105)
at sun.reflect.NativeMethodAccessorImpl.invoke0(Native Method)
at sun.reflect.NativeMethodAccessorImpl.invoke(NativeMethodAccessorImpl.java:62)
at sun.reflect.DelegatingMethodAccessorImpl.invoke(DelegatingMethodAccessorImpl.java:43)
at java.lang.reflect.Method.invoke(Method.java:498)
at org.testng.internal.MethodInvocationHelper.invokeMethod(MethodInvocationHelper.java:124)
at org.testng.internal.Invoker.invokeMethod(Invoker.java:583)
at org.testng.internal.Invoker.invokeTestMethod(Invoker.java:719)
at org.testng.internal.Invoker.invokeTestMethods(Invoker.java:989)
at org.testng.internal.TestMethodWorker.invokeTestMethods(TestMethodWorker.java:125)
at org.testng.internal.TestMethodWorker.run(TestMethodWorker.java:109)
at org.testng.TestRunner.privateRun(TestRunner.java:648)
at org.testng.TestRunner.run(TestRunner.java:505)
at org.testng.SuiteRunner.runTest(SuiteRunner.java:455)
at org.testng.SuiteRunner.runSequentially(SuiteRunner.java:450)
at org.testng.SuiteRunner.privateRun(SuiteRunner.java:415)
at org.testng.SuiteRunner.run(SuiteRunner.java:364)
at org.testng.SuiteRunnerWorker.runSuite(SuiteRunnerWorker.java:52)
at org.testng.SuiteRunnerWorker.run(SuiteRunnerWorker.java:84)
at org.testng.TestNG.runSuitesSequentially(TestNG.java:1208)
at org.testng.TestNG.runSuitesLocally(TestNG.java:1137)
at org.testng.TestNG.runSuites(TestNG.java:1049)
at org.testng.TestNG.run(TestNG.java:1017)
at org.testng.remote.AbstractRemoteTestNG.run(AbstractRemoteTestNG.java:114)
at org.testng.remote.RemoteTestNG.initAndRun(RemoteTestNG.java:251)
at org.testng.remote.RemoteTestNG.main(RemoteTestNG.java:77)
]]>
    </failure>
  </testcase> <!-- freezeList -->
</testsuite> <!-- ang_ele_find.FreezePrice -->
